 pack1111111111,length=134
[85990.810620] 29290C00 
[85990.810621] 6A588431 9C0D47B1 450008 CE1F7400 11300040 60CAF8C0 A8C08586 35002458 
[85990.810622] 6000FCAE 6B6F1962 1008081 0200 6E030000 75067074 746E7562 6F630375 
[85990.810624] 1C00006D CC00100 1001C00 58020000 1201000 60157C06 0380 0000 
[85990.810626] CC0C700 1001C00 58020000 1201000 60157C06 0380 0000 C800 
[85990.810628] 9D0000 9C4439 9E4639 9C4538 9B4538 9D4538 9D4538 9F4538 
[85990.810629] 9C4539 9D4538 9B4437 9A4537 9B4538 9A4537 9B4538 9C4538 
[85990.810631] 9C4538 9C4538 9C4538 9C4538 9B4538 9B4538 9C4538 9B4537 
[85990.810632] 9C4638 9C4538 9C4537 9B4537 9B4538 9B4637 9C4638 9B4538 
[85990.810634] 9B4537 9D4638 9A4538 994537 9D4538 9C4538 9B4538 9C4637 
[85990.810636] 9B4538 9B4637 9B4537 9C4638 9A4538 9B4638 9B4537 9C4637 
[85990.810637] 9B4537 9B4637 9C4638 9C4638 9B4537 9B4538 9C4538 9A4537 
[85990.810639] 994537 9A4637 994537 9C4637 9A4537 9B4638 994537 9A4537 
[85990.810640] 994537 9A4637 9A4538 9A4537 994537 9A4638 9A4638 9B4638 
[85990.810642] 9A4538 9B4638 9B4739 9A4538 9A4638 9A4638 9A4639 9A4738 
[85990.810644] 9B4738 9C4738 9B4639 9B4639 9A4638 9B4738 994638 9A4638 
[85990.810645] 9A4739 9C4638 9A4638 9C4739 9B4638 994638 9A4638 9A4739 
[85990.810647] 9A4538 9C4739 9A4638 994738 9A4738 
[85990.810647] pack222222222,length=134
[85990.865545] 
[85990.865545] pack1111111111,length=141
[85990.865551] 29290C00 
[85990.865552] 6A588431 9C0D47B1 450008 DC1F7B00 112E0040 60CAE3C2 A8C08586 35002458 
[85990.865554] 6700E263 AA567B29 1008081 1000000 64050000 79736961 75627506 375746E 
[85990.865555] 6D6F63 1001C00 60012C0 0100 3100D503 31736E03 6E616309 63696E6F 
[85990.865557] 19C06C61 736F680A 73616D74 C0726574 B4487832 2A00000D E000030 3A090010 
[85990.865558] E000080 0010 9B4500 9C4554 9C4453 9A4554 9B4452 9A4454 
[85990.865560] 9A4354 9A4353 984453 994454 994353 994353 994353 994354 
[85990.865562] 974253 984253 984253 984253 974252 984352 974252 984153 
[85990.865563] 9A4153 974153 974153 984253 984153 984053 964052 964153 
[85990.865565] 964052 964053 963F51 973F53 964052 963F51 953F51 953F52 
[85990.865574] 953F52 943F51 963F53 933E52 943E52 943E52 943E53 933E51 
[85990.865576] 943E51 933D51 933D51 933D51 923C52 923C51 923C51 933D52 
[85990.865577] 923D52 913C51 903C51 923C51 913B51 903B50 903B51 8F3B51 
[85990.865581] 8F3B4F 8F3B50 913A50 8F3B50 8F3A4F 8F3A50 8F3A50 90394F 
[85990.865583] 8F3A50 8F394F 903950 8D394F 8E394F 8E3950 8E394F 8E384F 
[85990.865584] 8D384F 8D384F 8E384E 8D384E 8C374E 8B374E 8C374E 8C374E 
[85990.865586] 8C374F 8A364E 8C374F 8C364E 8B364E 8A374E 8A364E 8C364D 
[85990.865609] 8C364E 8A364E 8A364E 89354E 89354E 89354E 89354E 8B364E 
[85990.865611] 89354D 87344D 87334C 87334C 
[85990.865611] pack222222222,length=141
[85990.865648] 
[85990.865648] pack1111111111,length=112
[85990.865649] 29290C00 
[85990.865649] 6A588431 9C0D47B1 450008 DB1F5E00 112E0040 60CA01C3 A8C08586 35002458 
[85990.865651] 4A0016C2 F8841AC8 1008081 0200 64050000 79736961 75627506 375746E 
[85990.865652] 6D6F63 1000100 1000CC0 0100 4005802 8521D5A2 1000CC0 0100 
[85990.865654] 4005802 A421D5A2 0000 9C4839 9B4839 984739 9A4839 9A4839 
[85990.865655] 9B4839 9B4839 994839 9C4839 9B4839 9B4839 9C483A 9A493A 
[85990.865657] 9C4A3A 9B493A 9D483A 9A483A 9C493A 9D493A 9C483A 9C4939 
[85990.865658] 9B493A 9B4939 9C493A 9D493A 9B493A 9B4A3A 994939 9B493A 
[85990.865660] 9C493A 9B493A 9B493A 9B493B 9C493B 9B483A 9A493A 9A493A 
[85990.865661] 9C493A 974738 954637 954737 964637 944537 954637 954739 
[85990.865663] 934738 924639 934638 934638 954639 954738 944838 944738 
[85990.865664] 944738 954738 944738 944738 934738 954739 954839 964739 
[85990.865665] 954739 944639 95473A 964839 974839 974839 974839 964839 
[85990.865667] 964839 954839 97493A 96483A 97483A 954839 954839 97493A 
[85990.865668] 98493A 95483A 98493B 964939 984A3A 96493B 97483B 
[85990.865668] pack222222222,length=112
[85991.254639] 
[85991.254639] pack1111111111,length=94
[85991.254653] 29290C00 
[85991.254655] 6A588431 9C0D47B1 450008 C7BB4C00 11300040 BD5B89C0 A8C0C659 7B002458 
[85991.254660] 38007B00 2243471 E903 1702 EE912508 4BDE0ECB 19A5EE8A 4BDEA3F4 
[85991.254664] F8D4BF8E 4BDE4992 3C10C08E 4BDE393D 3F10C08E CC20 860000 86324C 
[85991.254668] 85324C 86324C 86324C 84324B 84314A 86314C 84314C 85314C 
[85991.254671] 83314B 83304B 82304B 84304C 83304B 83304B 832F4B 832F4B 
[85991.254675] 822F4B 822F4B 822F4A 812E4B 812E4B 812E4B 812E4A 812E4A 
[85991.254679] 822E4B 822E4B 802E4A 802D4A 802E4A 802E4A 812E4A 812E4B 
[85991.254682] 7F2D49 7F2D49 7F2D49 7F2C49 7F2D4A 802D49 7F2C4A 7F2C49 
[85991.254686] 7E2C49 7F2C4A 7D2C49 7D2B48 7D2B48 7D2B48 7D2B48 7D2B48 
[85991.254689] 7D2B49 7D2A48 7C2A48 7C2A48 7A2A48 7A2A47 7C2A48 7A2947 
[85991.254693] 7B2948 7A2947 7A2947 7A2947 7B2947 7A2947 7A2847 7A2847 
[85991.254697] 7A2946 7A2847 792847 782847 782746 
[85991.254697] pack222222222,length=94
[85991.406116] 
[85991.406116] pack1111111111,length=94
[85991.406130] 29290C00 
[85991.406132] 6A588431 9C0D47B1 450008 9B614C00 11300040 BD5B7816 A8C0045E 7B002458 
[85991.406137] 38007B00 2242DA2 E903 9806 BC835F06 4BDEDC03 BDA2A8D 4BDE291C 
[85991.406141] 3108C08E 4BDEAD63 3337C08E 4BDE5E0B 3537C08E DC3E 9D0000 9C4D3F 
[85991.406144] 9C4C3F 9C4C3F 9B4D3F 9D4E3F 9D4E3F 9C4E40 9C4D3E 9E4E3F 
[85991.406148] 9D4E40 9D4E40 9C4D3F 9D4E40 9C4D40 9D4D40 9D4E40 9E4E40 
[85991.406152] 9C4E3F 9E4E40 9D4E41 9E4E40 9D4E41 9D4E40 9D4F40 A04E40 
[85991.406156] 9E4E40 9E4E41 9C4E41 9E4F42 9F4F41 9F5042 9D4F42 9E4E42 
[85991.406159] 9E5042 9F4F41 9E5042 9F4F42 9F4E42 A04F43 A04F43 9F4E42 
[85991.406163] 9E4F42 9F5042 9D5041 A05043 9F5043 9F5043 9F5043 9E4F43 
[85991.406166] A04E43 A05043 A15043 9F5043 A15044 A05043 A05144 A15144 
[85991.406170] 9F5043 A15144 A05144 A05144 A15144 A05144 9F5145 9F5045 
[85991.406173] A05145 A25145 9F5044 9F5045 A05045 
[85991.406173] pack222222222,length=94
[85991.803330] 
[85991.803330] pack1111111111,length=94
[85991.803344] 29290C00 
[85991.803346] 6A588431 9C0D47B1 450008 B4BE4C00 11300040 BD5B9BBD A8C0C759 7B002458 
[85991.803351] 38007B00 2240761 E903 6000 FD114105 4BDE7D22 77E2DB8D 4BDE5CA1 
[85991.803355] A46EC08E 4BDE1FFC 8BA1C08E 4BDEE166 91A1C08E 4521 700000 6F2143 
[85991.803359] 6E2143 6D2143 6E2043 6E2042 6E2042 6D2042 6D2042 6D2042 
[85991.803362] 6E2042 6E2042 6E2042 6C2042 6E1F41 6C1F41 6D1F42 6D2041 
[85991.803366] 6B1F41 6B1F41 6B1F41 6B1F41 6B1F41 6C1F42 6C1F41 6B1F41 
[85991.803369] 6C1F41 6B1F41 6A1F41 6A1E41 6A1F41 6A1F41 6B1F41 6A1E40 
[85991.803373] 6A1E40 6A1E41 691E40 6A1E40 6A1E40 6A1E40 691E40 691E3F 
[85991.803377] 691E41 681D40 691D41 691D40 691D40 691D41 671D40 661D3F 
[85991.803380] 661D3F 681D3F 681D3F 671D40 671D3F 671C3F 671C3F 681C40 
[85991.803384] 661C3F 671C3F 661C3F 661C3F 651C3F 661C40 671C40 A5473F 
[85991.803387] A6473F A6463E A5463E A5463E A4463E 
[85991.803387] pack222222222,length=94
[85991.867326] 
[85991.867326] pack1111111111,length=112
[85991.867341] 29290C00 
[85991.867343] 6A588431 9C0D47B1 450008 26205E00 112E0040 60CAB6C2 A8C08586 35002458 
[85991.867347] 4A00CA85 5B420447 1008081 0200 64050000 79736961 75627506 375746E 
[85991.867351] 6D6F63 1000100 1000CC0 0100 4005802 A421D5A2 1000CC0 0100 
[85991.867355] 4005802 8521D5A2 0000 A4544B A2534B A2524B A3534A A2534B 
[85991.867359] A4534C A3534C A4544C A3544C A5544C A4544D A5544C A4544C 
[85991.867363] A5534C A5554D A3534D A3534C A4534C A2534D A3534D A4544D 
[85991.867366] A4544D A5544D A4534D A4534C A2534D A4544D A5534D A5544D 
[85991.867370] A5554E A4544E A6544E A5534E A5544E A4544E A3544D A5544D 
[85991.867374] A3534D A4544E A3544F A5544F A5534F A5544F A5544F A3534E 
[85991.867377] A7554F A6544F A5534F A5534E A6544F A5544F A55450 A3534F 
[85991.867381] A75350 A5534F A65350 A2524F A55350 A45350 A55350 A45250 
[85991.867384] A3534F A4524F A3524F A75350 A65451 A45350 A45351 A35250 
[85991.867388] A35350 A45250 A45250 A55351 A35351 A65351 A35250 A55250 
[85991.867391] A55251 A55151 A35150 A45251 A45250 A45251 A45251 
[85991.867391] pack222222222,length=112
[85991.871699] 
[85991.871699] pack1111111111,length=141
[85991.871711] 29290C00 
[85991.871713] 6A588431 9C0D47B1 450008 7B00 11380040 60CABFD8 A8C08586 35002458 
[85991.871718] 67007D14 3A0D64C5 1008081 1000000 64050000 79736961 75627506 375746E 
[85991.871722] 6D6F63 1001C00 60012C0 0100 3100C100 31736E03 6E616309 63696E6F 
[85991.871726] 19C06C61 736F680A 73616D74 C0726574 B4487832 2A00000D E000030 3A090010 
[85991.871730] E000080 0010 A04400 9F443B 9F453B 9E443B A1443B A0443B 
[85991.871733] A0443B A0453C A0443B A0443B A0443B A0443B 9F443A 9E443A 
[85991.871737] 9F443A 9F443A 9E443A 9F443A 9F4439 9F443A A1453B 9E443A 
[85991.871741] 9F4439 9E453A 9E433A 9F433A 9F443A 9E443A 9E4439 9F453A 
[85991.871744] 9F4439 9E4439 9F443A 9F443B 9F443A 9E443A 9F453A 9D4439 
[85991.871748] 9C4439 9E443A 9D4439 9E443A 9E433A A0443A 9B4339 9D4439 
[85991.871751] 9E4439 9E4439 9D4439 9E4439 9E4439 9E4439 9D4439 9D4439 
[85991.871755] 9E4439 9D4339 9C4339 9D4339 9C4438 9B4439 9C4339 9C4439 
[85991.871759] 9B4439 9E4539 9E453A 9C4339 9D4439 9C4439 9C4439 9D4439 
[85991.871762] 9B4339 9D4439 9D4339 9D4439 9C4439 9A4438 9D4439 9B4339 
[85991.871766] 9C4439 9A4439 9A4338 9B4438 9B4338 9B4338 9C4337 9B4338 
[85991.871769] 9B4338 9B4438 9D4438 9C4438 9C4439 9C4538 9D4538 9A4438 
[85991.871773] 9C4438 9A4337 9B4438 9B4438 994438 9A4437 9B4437 9A4438 
[85991.871776] 9B4538 9B4538 9D4538 9C4438 
[85991.871776] pack222222222,length=141
[85993.450578] 
[85993.450578] pack1111111111,length=94
[85993.450592] 0100 
[85993.450595] 0000 0000 0000 FFFFFFFF FFFFFFFF 0000 FFFF8802 0141 
[85993.450599] FFFFFFFF 290B9C00 FFFF8802 B9C00 2020200 1EFFB760 FFFF8802 1C29FA18 
[85993.450603] FFFF8802 3FFF9F80 FFFF8802 3FFF9F80 FFFF8802 0001 0000 2020200 
[85993.450607] 0000 0141 0000 0000 0000 0000 0000 3FFFB6C0 
[85993.450611] FFFF8802 1C29FA68 FFFF8802 8118B387 FFFFFFFF B5EA0E20 FFFF8800 290B9C00 
[85993.450615] FFFF8802 1EFFB760 FFFF8802 1EFFBC50 FFFF8802 1C29F9E0 FFFF8802 1C29F9D8 
[85993.450618] FFFF8802 8102C666 FFFFFFFF 0001 0000 0000 0000 1EFFC080 
[85993.450622] FFFF8802 1EFFC180 FFFF8802 35616D00 FFFF8802 35616D00 FFFF8802 1DFC5280 
[85993.450625] FFFF8802 1EFFB700 FFFF8802 0001 0000 1EFFB700 FFFF8802 0000 
[85993.450629] 0141 1EFFB700 FFFF8802 EA0DC0 2000200 1EFFB700 FFFF8802 1C2A0000 
[85993.450633] FFFF8802 0000 0000 1C29FB8C FFFF8802 3FFFB6C0 FFFF8802 0000 
[85993.450637] 0000 3FFF9F80 FFFF8802 35022400 FFFF8802 
[85993.450637] pack222222222,length=94
[85993.589497] 
[85993.589497] pack1111111111,length=94
[85993.589512] 0028 
[85993.589515] 0000 18E6 A0072 C04EDDC0 FFFFFFFF 000E 0000 1900 
[85993.589520] A0072 C04EDDE0 FFFFFFFF 0020 0000 191A 150072 C04F0FF0 
[85993.589524] FFFFFFFF 0028 0000 192D A0072 C04EDE00 FFFFFFFF 000B 
[85993.589528] 0000 1944 A0072 C04EDE20 FFFFFFFF 0020 0000 195B 
[85993.589533] 150072 C04F1018 FFFFFFFF 0028 0000 1971 A0072 C04EDE40 
[85993.589537] FFFFFFFF 000E 0000 198B A0072 C04EDE60 FFFFFFFF 0020 
[85993.589541] 0000 19A5 150072 C04F1040 FFFFFFFF 0028 0000 19B8 
[85993.589545] A0072 C04EDE80 FFFFFFFF 000B 0000 19CF A0072 C04EDEA0 
[85993.589549] FFFFFFFF 0020 0000 19E6 150072 C04F1068 FFFFFFFF 0028 
[85993.589553] 0000 19F5 A0072 C04EDEC0 FFFFFFFF 0007 0000 1A08 
[85993.589556] A0072 C04EDEE0 FFFFFFFF 0020 0000 1A1B 150072 C04F1090 
[85993.589560] FFFFFFFF 0028 0000 1A2F A0072 
[85993.589560] pack222222222,length=94
[85994.000397] 
[85994.000397] pack1111111111,length=94
[85994.000407] 000F 
[85994.000408] 0000 130A 20074 C04E6A20 FFFFFFFF 004A 0000 131F 
[85994.000411] 20074 C04E6A70 FFFFFFFF 0011 0000 1332 20074 C04E6A90 
[85994.000413] FFFFFFFF 0011 0000 1345 20074 C04E6AB0 FFFFFFFF 0010 
[85994.000415] 0000 1358 20074 C04E6AC0 FFFFFFFF 0014 0000 136D 
[85994.000418] 20074 C04E6AE0 FFFFFFFF 004B 0000 1381 20074 C04E6B30 
[85994.000420] FFFFFFFF 002B 0000 1391 20074 C04E6B60 FFFFFFFF 0024 
[85994.000422] 0000 13A6 20074 C04E6B90 FFFFFFFF 003B 0000 13B9 
[85994.000424] 20074 C04E6BD0 FFFFFFFF 00D0 0000 13D1 A0072 C04ED260 
[85994.000427] FFFFFFFF 07E8 0000 13E6 1F0064 C04F3BDC FFFFFFFF 0001 
[85994.000429] 0000 13F5 20074 C04E6CA0 FFFFFFFF 0055 0000 1407 
[85994.000431] 40074 C04EB524 FFFFFFFF 005D 0000 1419 20074 C04E6D00 
[85994.000433] FFFFFFFF 00AA 0000 142A 20074 
[85994.000433] pack222222222,length=94
[85995.649091] 
[85995.649091] pack1111111111,length=94
[85995.649106] 0028 
[85995.649109] 0000 0E08 1C0064 C04F35C0 FFFFFFFF 0028 0000 0E19 
[85995.649113] 1C0064 C04F3250 FFFFFFFF 0028 0000 0E2A 1C0064 C04F3188 
[85995.649117] FFFFFFFF 0028 0000 0E3B 1C0064 C04F3818 FFFFFFFF 0028 
[85995.649121] 0000 0E4C 1C0064 C04F3778 FFFFFFFF 0028 0000 0E5D 
[85995.649125] 1C0064 C04F36B0 FFFFFFFF 0028 0000 0E6E 1C0064 C04F3688 
[85995.649129] FFFFFFFF 0028 0000 0E7F 1C0064 C04F3228 FFFFFFFF 0028 
[85995.649132] 0000 0E90 1C0064 C04F31B0 FFFFFFFF 0028 0000 0EA1 
[85995.649136] 1C0064 C04F3750 FFFFFFFF 0028 0000 0EB2 1C0064 C04F37C8 
[85995.649140] FFFFFFFF 0028 0000 0EC3 1C0064 C04F3660 FFFFFFFF 0028 
[85995.649143] 0000 0ED4 1C0064 C04F3570 FFFFFFFF 0028 0000 0EE5 
[85995.649147] 1C0064 C04F37F0 FFFFFFFF 0028 0000 0EF6 1C0064 C04F3200 
[85995.649151] FFFFFFFF 0028 0000 0F07 1C0064 
[85995.649151] pack222222222,length=94
[85995.719438] 
[85995.719438] pack1111111111,length=94
[85995.719443] 0028 
[85995.719445] 0000 0849 1C0064 C04F2C60 FFFFFFFF 0028 0000 085A 
[85995.719450] 1C0064 C04F2C88 FFFFFFFF 0028 0000 086B 20074 C04E15E0 
[85995.719454] FFFFFFFF 0125 0000 088B 20074 C04E1710 FFFFFFFF 01B5 
[85995.719458] 0000 08A2 A0072 C04ECCCE FFFFFFFF 0008 0000 08B6 
[85995.719462] A0072 C04ECF20 FFFFFFFF 0100 0000 08D3 1C0064 C04F2DF0 
[85995.719466] FFFFFFFF 0028 0000 08E4 1C0064 C04F2D78 FFFFFFFF 0028 
[85995.719470] 0000 08F5 1C0064 C04F2D28 FFFFFFFF 0028 0000 0906 
[85995.719473] 1C0064 C04F2DC8 FFFFFFFF 0028 0000 0917 1C0064 C04F2D50 
[85995.719477] FFFFFFFF 0028 0000 0928 1C0064 C04F2DA0 FFFFFFFF 0028 
[85995.719481] 0000 0939 20074 C04E1B10 FFFFFFFF 039F 0000 0957 
[85995.719484] 1C0064 C04F32C8 FFFFFFFF 0028 0000 0968 1C0064 C04F3430 
[85995.719488] FFFFFFFF 0028 0000 0979 1C0064 
[85995.719488] pack222222222,length=94
[85995.811862] 
[85995.811862] pack1111111111,length=94
[85995.811877] 0028 
[85995.811879] 0000 029A 20074 C04D8E10 FFFFFFFF 00C7 0000 02A7 
[85995.811884] 20074 C04D8EE0 FFFFFFFF 0050 0000 02C1 20074 C04D8F30 
[85995.811888] FFFFFFFF 0205 0000 02D9 40074 C04EB28B FFFFFFFF 0006 
[85995.811892] 0000 02F8 40074 C04EB291 FFFFFFFF 0006 0000 030F 
[85995.811895] 40074 C04EB297 FFFFFFFF 0006 0000 032C 40074 C04EB29D 
[85995.811899] FFFFFFFF 0006 0000 0341 40074 C04EB2A3 FFFFFFFF 0006 
[85995.811903] 0000 0355 40074 C04EB2A9 FFFFFFFF 0083 0000 036F 
[85995.811907] 40074 C04EB32C FFFFFFFF 005F 0000 038F 1E0064 C04F3BD8 
[85995.811910] FFFFFFFF 0004 0000 0399 20074 C04D9DE0 FFFFFFFF 007D 
[85995.811914] 0000 03C2 20074 C04D9E60 FFFFFFFF 08B2 0000 03CE 
[85995.811918] 1A0064 C04F2000 FFFFFFFF 0004 0000 03D6 20074 C04DA720 
[85995.811921] FFFFFFFF 00D3 0000 03EA 20074 
[85995.811921] pack222222222,length=94
[85996.184383] 
[85996.184383] pack1111111111,length=94
[85996.184398] C04F00C0 
[85996.184400] FFFFFFFF C04EFB58 FFFFFFFF 019C 0000 0100 0000 0000 
[85996.184405] 0000 0000 0000 0000 0000 0000 0000 0003 
[85996.184408] 0000 C04D5048 FFFFFFFF 0200 DEAD0000 30303165 656A5F30 6666 
[85996.184412] 0000 0000 0000 0000 0000 0000 0000 0000 
[85996.184416] 0000 0000 0000 2FA7A5A0 FFFF8802 C04F3C58 FFFFFFFF C04F3C58 
[85996.184420] FFFFFFFF 0000 0000 33883660 FFFF8802 81C4C1E0 FFFFFFFF 0000 
[85996.184423] 0000 0000 000D C04F3C00 FFFFFFFF 101F8BC0 FFFF8802 0000 
[85996.184427] 0000 10913E88 FFFF8802 113E7C00 FFFF8802 0000 0000 0000 
[85996.184430] 0000 36597C0 FFFF8802 0000 0000 0000 0000 0000 
[85996.184434] 0000 0001 0000 C04F3CF0 FFFFFFFF C04F3CF0 FFFFFFFF 0000 
[85996.184438] 0000 0000 0000 C04F0F28 FFFFFFFF 000F 0000 0000 
[85996.184441] 0000 0000 0000 0000 0000 
[85996.184441] pack222222222,length=94
[85997.068150] 
[85997.068150] pack1111111111,length=64
[85997.068163] C04F00C0 
[85997.068165] FFFFFFFF C04EFA88 FFFFFFFF 082E 0000 C04EE8DF FFFFFFFF C04ECD30 
[85997.068186] FFFFFFFF C04F00C0 FFFFFFFF C04EFF70 FFFFFFFF 0594 0000 C04EE8DF 
[85997.068189] FFFFFFFF C04ECD30 FFFFFFFF C04F00C0 FFFFFFFF C04EFF50 FFFFFFFF 058C 
[85997.068193] 0000 C04EE8DF FFFFFFFF C04ECD30 FFFFFFFF C04F00C0 FFFFFFFF C04EFB98 
[85997.068196] FFFFFFFF 0586 0000 C04EE8DF FFFFFFFF C04ECD50 FFFFFFFF C04F00C0 
[85997.068200] FFFFFFFF C04EE7B3 FFFFFFFF 0720 0000 C04EE8DF FFFFFFFF C04ECD50 
[85997.068203] FFFFFFFF C04F00C0 FFFFFFFF C04EFF08 FFFFFFFF 0704 0000 C04EE8DF 
[85997.068206] FFFFFFFF C04ECD50 FFFFFFFF C04F00C0 FFFFFFFF C04EE7A0 FFFFFFFF 
[85997.068206] pack222222222,length=64
[85997.831071] 
[85997.831071] pack1111111111,length=94
[85997.831087] 3FFF9F80 
[85997.831090] FFFF8802 1C29BD00 FFFF8802 0003 FFFFFFFF B5EA6E00 FFFF8800 0046 
[85997.831095] 0000 0046 0000 1C29BD40 FFFF8802 1C29BD38 FFFF8802 810AF380 
[85997.831099] FFFFFFFF 810A7EE0 FFFFFFFF 2932A200 FFFF8802 356D6D70 FFFF8802 033A 
[85997.831103] 0000 0001 0000 0800 0000 1C29BD60 FFFF8802 810AF7A1 
[85997.831107] FFFFFFFF 29329800 FFFF8802 29329800 FFFF8802 1EC11BE0 FFFF8802 1C29BDB8 
[85997.831111] FFFF8802 B5EA6E60 FFFF8800 0001 0000 29329800 FFFF8802 1EC11BE0 
[85997.831115] FFFF8802 1C29BDE0 FFFF8802 810B0E94 FFFFFFFF 0001 0000 356D6D70 
[85997.831141] FFFF8802 1C29BDE0 FFFF8802 810B1BC5 FFFFFFFF 356D6D00 FFFF8802 B5EA6E60 
[85997.831145] FFFF8800 29329800 FFFF8802 1EC11BE0 FFFF8802 1EC120D0 FFFF8802 1C29BE48 
[85997.831149] FFFF8802 810B83DA FFFFFFFF 356D6D70 FFFF8802 16D00 0000 B5EA6E00 
[85997.831153] FFFF8800 1EC11B80 FFFF8802 B5EA6E60 FFFF8800 1EC11B80 FFFF8802 356D6D00 
[85997.831157] FFFF8802 16D00 0000 0000 0000 
[85997.831157] pack222222222,length=94
[85998.014084] 
[85998.014084] pack1111111111,length=94
[85998.014098] FFFFFFFF 
[85998.014100] FFFFFFFF FFFFFFFF FFFFFFFF FFFFFFFF FFFFFFFF FFFFFFFF FFFFFFFF FFFFFFFF 
[85998.014104] FFFFFFFF FFFFFFFF FFFFFFFF FFFFFFFF FFFFFFFF FFFFFFFF FFFFFFFF FFFFFFFF 
[85998.014132] FFFFFFFF FFFFFFFF FFFFFFFF FFFFFFFF FFFFFFFF FFFFFFFF FFFFFFFF FFFFFFFF 
[85998.014136] 0000 0000 0000 0000 0000 0000 0000 FFFFFFFF 
[85998.014139] FFFFFFFF FFFFFFFF FFFFFFFF FFFFFFFF FFFFFFFF FFFFFFFF FFFFFFFF FFFFFFFF 
[85998.014143] FFFFFFFF FFFFFFFF FFFFFFFF FFFFFFFF FFFFFFFF FFFFFFFF FFFFFFFF FFFFFFFF 
[85998.014147] FFFFFFFF FFFFFFFF FFFFFFFF FFFFFFFF FFFFFFFF FFFFFFFF FFFFFFFF FFFFFFFF 
[85998.014150] FFFFFFFF FFFFFFFF FFFFFFFF FFFFFFFF FFFFFFFF FFFFFFFF FFFFFFFF FFFFFFFF 
[85998.014154] 0000 0000 0000 0000 0000 0000 0000 FFFFFFFF 
[85998.014158] FFFFFFFF FFFFFFFF FFFFFFFF FFFFFFFF FFFFFFFF FFFFFFFF FFFFFFFF FFFFFFFF 
[85998.014161] FFFFFFFF FFFFFFFF FFFFFFFF FFFFFFFF FFFFFFFF FFFFFFFF FFFFFFFF FFFFFFFF 
[85998.014165] FFFFFFFF FFFFFFFF FFFFFFFF FFFFFFFF FFFFFFFF 
[85998.014165] pack222222222,length=94
[85998.078318] 
[85998.078318] pack1111111111,length=94
[85998.078332] 0000 
[85998.078334] 0000 0000 0000 0000 0000 0000 0000 0000 
[85998.078338] 0000 0000 0000 0000 0000 0000 0000 0000 
[85998.078342] 0000 0000 0000 0000 0000 0000 0000 0000 
[85998.078345] 0000 0000 0000 0000 0000 0000 0000 0000 
[85998.078349] 0000 0000 0000 0000 0000 0000 0000 0000 
[85998.078352] 0000 0000 0000 0000 0000 0000 0000 0000 
[85998.078356] 0000 0000 0000 0000 0000 0000 0000 0000 
[85998.078359] 0000 0000 0000 0000 0000 0000 0000 0000 
[85998.078363] 0000 0000 0000 0000 0000 0000 0000 0000 
[85998.078366] 0000 0000 0000 0000 0000 0000 0000 0000 
[85998.078370] 0000 0000 0000 0000 0000 0000 0000 0000 
[85998.078373] 0000 0000 0000 0000 0000 
[85998.078373] pack222222222,length=94
[85998.380149] 
[85998.380149] pack1111111111,length=94
[85998.380164] C04E7C20 
[85998.380166] FFFFFFFF C04E7CF0 FFFFFFFF C04E7F80 FFFFFFFF C04E80E0 FFFFFFFF C04E83F0 
[85998.380170] FFFFFFFF C04E85C0 FFFFFFFF C04E88D0 FFFFFFFF C04EA010 FFFFFFFF C04EA030 
[85998.380174] FFFFFFFF C04EA190 FFFFFFFF C04EA750 FFFFFFFF C04EAE71 FFFFFFFF C04EB22E 
[85998.380178] FFFFFFFF C04EB38B FFFFFFFF C04EB524 FFFFFFFF 0000 0000 0000 
[85998.380181] 0000 0000 0000 0000 0000 0000 0000 0000 
[85998.380185] 0000 0000 0000 0000 0000 0000 0000 0000 
[85998.380189] 0000 0000 0000 0000 0000 0000 0000 0000 
[85998.380192] 0000 0000 0000 0000 0000 0000 0000 0000 
[85998.380196] 0000 0000 0000 0000 0000 0000 0000 0000 
[85998.380199] 0000 0000 0000 0000 0000 0000 0000 0000 
[85998.380203] 0000 0000 0000 0000 0000 0000 0000 0000 
[85998.380206] 0000 0000 0000 0000 0000 
[85998.380206] pack222222222,length=94
[86000.110825] 
[86000.110825] pack1111111111,length=64
[86000.110839] 10728 
[86000.110842] 0000 C04DE096 FFFFFFFF 10728 0000 C04DE1CE FFFFFFFF 10728 
[86000.110846] 0000 C04E37B0 FFFFFFFF 1075C 0000 C04E576A FFFFFFFF 1075C 
[86000.110850] 0000 C04E876E FFFFFFFF 10728 0000 C04E87D8 FFFFFFFF 10728 
[86000.110854] 0000 C04EC438 FFFFFFFF C04F3C00 FFFFFFFF 81817240 FFFFFFFF FF0000 
[86000.110858] 0000 C04F2018 FFFFFFFF C04EC470 FFFFFFFF C04F3C00 FFFFFFFF 81817220 
[86000.110861] FFFFFFFF FF01A4 0000 C04F3BD8 FFFFFFFF C04EDD30 FFFFFFFF C04F3C00 
[86000.110865] FFFFFFFF 81817100 FFFFFFFF FF0000 0000 C04EDD60 FFFFFFFF C04EDD80 
[86000.110869] FFFFFFFF C04F3C00 FFFFFFFF 81817100 FFFFFFFF FF0000 0000 
[86000.110869] pack222222222,length=64
[86021.599680] 
[86021.599680] pack1111111111,length=64
[86021.599696] 65746E49 
[86021.599698] 70757272 68542074 74746F72 676E696C 74615220 69282065 2F73746E 29636573 
[86021.599702] 0000 73207325 74207465 7964206F 696D616E 6F632063 7265736E 69746176 
[86021.599706] 6D206576 A65646F 0000 73207325 74207465 6973206F 696C706D 64656966 
[86021.599710] 30322820 382D3030 29303030 746E6920 6F6D2073 A6564 0000 65657053 
[86021.599714] 6F6E2064 61762074 2064696C 20726F66 65626966 64612072 65747061 202C7372 
[86021.599718] 61726170 6574656D 67692072 65726F6E 0A64 6C707544 6E207865 7620746F 
[86021.599722] 64696C61 726F6620 62696620 61207265 74706164 2C737265 72617020 74656D61 
[86021.599725] 69207265 726F6E67 A6465 6F747541 2067654E 6568746F 68742072 
[86021.599725] pack222222222,length=64
[86030.319224] 
[86030.319224] pack1111111111,length=64
[86030.319239] 20586C6C 
[86030.319241] 36313025 20586C6C 36313025 20586C6C 25207025 0A73 0000 31653601 
[86030.319246] 5F303030 6666656A 2552203A 3A583430 38302520 30257C58 25205838 7C583830 
[86030.319250] 58383025 000A 0000 31653601 5F303030 6666656A 7854203A 73656420 
[86030.319253] 70697263 20726F74 68636163 6E692065 62343620 66207469 616D726F 0A74 
[86030.319257] 0000 31653601 5F303030 6666656A 2554203A 3A583430 38302520 30257C58 
[86030.319261] 25205838 7C583830 58383025 000A 0000 3031650A 635F3030 6E61656C 
[86030.319265] 73657420 75622C74 74656764 2C64253D 6B726F77 746E6F64 A64253D 0000 
[86030.319268] 0000 6C636E69 2F656475 756E696C 79642F78 696D616E 75715F63 
[86030.319268] pack222222222,length=64
[86040.717824] 
[86040.717824] pack1111111111,length=64
[86040.717837] 0001 
[86040.717838] 0000 3FFF9F80 FFFF8802 33A5 0000 13B57998 FFFF8802 8118AD22 
[86040.717840] FFFFFFFF 3FFFB6C0 FFFF8802 0246 0000 0000 FFFF8802 0246 
[86040.717843] 0000 3FFFB6C0 FFFF8802 0100 0000 0000 0000 FFFFFFFF 
[86040.717845] FFFFFFFF 0001 0000 01C1 FFFFFFFF 0001 FFFFFFFF 01C1 
[86040.717848] 24280CA 3FFF9F80 FFFF8802 13B57A68 FFFF8802 3FFF9F80 FFFF8802 3FFF9F80 
[86040.717850] FFFF8802 0001 0000 24280CA 0000 01C1 0000 0000 
[86040.717852] 0000 81FC8220 FFFFFFFF 3FFFB6C0 FFFF8802 13B57AB8 FFFF8802 8118B387 
[86040.717854] FFFFFFFF 13B57AC8 FFFF8802 8118B387 FFFFFFFF 3FFFB6C0 FFFF8802 
[86040.717854] pack222222222,length=64
[86049.599710] 
[86049.599710] pack1111111111,length=110
[86049.599729] 0000 
[86049.599731] 0000 0000 0000 0000 0000 0000 0000 0000 
[86049.599736] 0000 0000 0000 0000 0000 0000 0000 0000 
[86049.599739] 0000 0000 0000 0000 0000 0000 0000 0000 
[86049.599743] 0000 0000 0000 0000 0000 0000 0000 0000 
[86049.599747] 0000 0000 0000 0000 0000 0000 0000 0000 
[86049.599751] 0000 0000 0000 0000 0000 0000 0000 0000 
[86049.599754] 0000 0000 0000 0000 0000 0000 0000 0000 
[86049.599758] 0000 0000 0000 0000 0000 0000 0000 0000 
[86049.599762] 0000 0000 0000 0000 0000 0000 0000 0000 
[86049.599765] 0000 0000 0000 0000 0000 0000 0000 0000 
[86049.599769] 0000 0000 0000 0000 0000 0000 0000 0000 
[86049.599773] 0000 0000 0000 0000 0000 0000 0000 0000 
[86049.599776] 0000 0000 0000 0000 0000 0000 0000 0000 
[86049.599780] 0000 0000 0000 0000 0000 
[86049.599780] pack222222222,length=110
[86049.599886] 
[86049.599886] pack1111111111,length=130
[86049.599888] 0000 
[86049.599890] 0000 0000 0000 0000 0000 0000 0000 0000 
[86049.599893] 0000 0000 0000 0000 0000 0000 0000 0000 
[86049.599897] 0000 0000 0000 0000 0000 0000 0000 0000 
[86049.599901] 0000 0000 0000 0000 0000 0000 0000 0000 
[86049.599905] 0000 0000 0000 0000 0000 0000 0000 0000 
[86049.599908] 0000 0000 0000 0000 0000 0000 0000 0000 
[86049.599912] 0000 0000 0000 0000 0000 0000 0000 0000 
[86049.599916] 0000 0000 0000 0000 0000 0000 0000 0000 
[86049.599919] 0000 0000 0000 0000 0000 0000 0000 0000 
[86049.599923] 0000 0000 0000 0000 0000 0000 0000 0000 
[86049.599927] 0000 0000 0000 0000 0000 0000 0000 0000 
[86049.599930] 0000 0000 0000 0000 0000 0000 0000 0000 
[86049.599934] 0000 0000 0000 0000 0000 0000 0000 0000 
[86049.599938] 0000 0000 0000 0000 0000 0000 0000 0000 
[86049.599942] 0000 0000 0000 0000 0000 0000 0000 0000 
[86049.599945] 0000 0000 0000 0000 0000 0000 0000 0000 
[86049.599949] 0000 
[86049.599949] pack222222222,length=130
[86050.067981] 
[86050.067981] pack1111111111,length=64
[86050.067997] 0000 
[86050.067999] 0000 0000 0000 0000 0000 0000 0000 0000 
[86050.068003] 0000 0000 0000 0000 0000 0000 0000 0000 
[86050.068006] 0000 0000 0000 0000 0000 0000 0000 0000 
[86050.068010] 0000 0000 0000 0000 0000 0000 0000 0000 
[86050.068013] 0000 0000 0000 0000 0000 0000 0000 0000 
[86050.068017] 0000 0000 0000 0000 0000 0000 0000 0000 
[86050.068020] 0000 0000 0000 0000 0000 0000 0000 0000 
[86050.068024] 0000 0000 0000 0000 0000 0000 0000 
[86050.068024] pack222222222,length=64
[86052.893530] 
[86052.893530] pack1111111111,length=64
[86052.893546] 0000 
[86052.893548] 0000 0000 0000 0000 0000 0000 0000 0000 
[86052.893552] 0000 0000 0000 0000 0000 0000 0000 0000 
[86052.893555] 0000 0000 0000 0000 0000 0000 0000 0000 
[86052.893559] 0000 0000 0000 0000 0000 0000 0000 0000 
[86052.893562] 0000 0000 0000 0000 0000 0000 0000 0000 
[86052.893566] 0000 0000 0000 0000 0000 0000 0000 0000 
[86052.893569] 0000 0000 0000 0000 0000 0000 0000 0000 
[86052.893573] 0000 0000 0000 0000 0000 0000 0000 
[86052.893573] pack222222222,length=64
[86058.068426] 
[86058.068426] pack1111111111,length=64
[86058.068442] 0000 
[86058.068445] 0000 0000 0000 0000 0000 0000 0000 0000 
[86058.068449] 0000 0000 0000 0000 0000 0000 0000 0000 
[86058.068452] 0000 0000 0000 0000 0000 0000 0000 0000 
[86058.068456] 0000 0000 0000 0000 0000 0000 0000 0000 
[86058.068459] 0000 0000 0000 0000 0000 0000 0000 0000 
[86058.068463] 0000 0000 0000 0000 0000 0000 0000 0000 
[86058.068466] 0000 0000 0000 0000 0000 0000 0000 0000 
[86058.068470] 0000 0000 0000 0000 0000 0000 0000 
[86058.068470] pack222222222,length=64
[86060.527311] 
[86060.527311] pack1111111111,length=64
[86060.527329] 0000 
[86060.527331] 0000 0000 0000 0000 0000 0000 0000 0000 
[86060.527336] 0000 0000 0000 0000 0000 0000 0000 0000 
[86060.527339] 0000 0000 0000 0000 0000 0000 0000 0000 
[86060.527343] 0000 0000 0000 0000 0000 0000 0000 0000 
[86060.527346] 0000 0000 0000 0000 0000 0000 0000 0000 
[86060.527350] 0000 0000 0000 0000 0000 0000 0000 0000 
[86060.527353] 0000 0000 0000 0000 0000 0000 0000 0000 
[86060.527356] 0000 0000 0000 0000 0000 0000 0000 
[86060.527356] pack222222222,length=64
[86069.915531] 
[86069.915531] pack1111111111,length=78
[86069.915548] 0000 
[86069.915551] 0000 0000 0000 0000 0000 0000 0000 0000 
[86069.915554] 0000 0000 0000 0000 0000 0000 0000 0000 
[86069.915558] 0000 0000 0000 0000 0000 0000 0000 0000 
[86069.915562] 0000 0000 0000 0000 0000 0000 0000 0000 
[86069.915565] 0000 0000 0000 0000 0000 0000 0000 0000 
[86069.915569] 0000 0000 0000 0000 0000 0000 0000 0000 
[86069.915572] 0000 0000 0000 0000 0000 0000 0000 0000 
[86069.915576] 0000 0000 0000 0000 0000 0000 0000 0000 
[86069.915579] 0000 0000 0000 0000 0000 0000 0000 0000 
[86069.915582] 0000 0000 0000 0000 0000 
[86069.915582] pack222222222,length=78
[86073.650986] 
[86073.650986] pack1111111111,length=70
[86073.651000] 3FFF9F80 
[86073.651002] FFFF8802 13B53D00 FFFF8802 0000 FFFFFFFF 307D8000 FFFF8802 0046 
[86073.651007] 0000 0046 0000 13B53D40 FFFF8802 810A70D9 FFFFFFFF 13B53D10 
[86073.651011] FFFF8802 810A7EE0 FFFFFFFF 2932DA00 FFFF8802 35616D70 FFFF8802 0374 
[86073.651015] 0000 0001 0000 0800 0000 13B53D60 FFFF8802 810AF7A1 
[86073.651019] FFFFFFFF 2932DE00 FFFF8802 2932DE00 FFFF8802 20EB9BE0 FFFF8802 13B53DB8 
[86073.651022] FFFF8802 307D8060 FFFF8802 0001 0000 2932DE00 FFFF8802 20EB9BE0 
[86073.651026] FFFF8802 13B53DE0 FFFF8802 810B0E94 FFFFFFFF 0001 0000 35616D70 
[86073.651030] FFFF8802 13B53DE0 FFFF8802 810B1BC5 FFFFFFFF 35616D00 FFFF8802 307D8060 
[86073.651033] FFFF8802 2932DE00 FFFF8802 20EB9BE0 FFFF8802 
[86073.651033] pack222222222,length=70
[86074.915531] 
[86074.915531] pack1111111111,length=70
[86074.915545] 0000 
[86074.915547] 0000 0000 0000 0000 0000 0000 0000 0000 
[86074.915551] 0000 0000 0000 0000 0000 0000 0000 0000 
[86074.915555] 0000 0000 0000 0000 0000 0000 0000 0000 
[86074.915558] 0000 0000 0000 0000 0000 0000 0000 0000 
[86074.915562] 0000 0000 0000 0000 0000 0000 0000 0000 
[86074.915565] 0000 0000 0000 0000 0000 0000 0000 0000 
[86074.915569] 0000 0000 0000 0000 0000 0000 0000 0000 
[86074.915572] 0000 0000 0000 0000 0000 0000 0000 0000 
[86074.915576] 0000 0000 0000 0000 0000 
[86074.915576] pack222222222,length=70
src = 192.168.88.36
dst = 47.89.51.212
