[194198.217920] 
[194198.217920] pack1111111111,length=90
[194198.217941] 33330000 
[194198.217943] 000CDC85 DE446EFB 86DD6000 00000020 0001FE80 00000000 00002067 BA370005 
[194198.217947] C87FFF02 00000000 00000000 00000000 000C3A00 05020000 01008300 DCEA0000 
[194198.217951] 0000FF02 00000000 00000000 00000000 000C0000 0000A03D 0000803F DEDD5D3F 
[194198.217955] 9190903E A1A0A03D 0000803F DEDD5D3F 9190903E A1A0A03D 0000803F DEDD5D3F 
[194198.217958] 9190903E A1A0A03D 0000803F DEDD5D3F 9190903E A1A0A03D 0000803F DEDD5D3F 
[194198.217962] 9190903E A1A0A03D 0000803F DEDD5D3F 9190903E A1A0A03D 0000803F 00000000 
[194198.217965] 00000000 00000000 00000000 00000000 00000000 00000000 00000000 00000000 
[194198.217969] 00000000 00000000 00000000 00000000 00000000 00000000 00000000 00000000 
[194198.217972] 00000000 00000000 00000000 00000000 00000000 00000000 00000000 00000000 
[194198.217976] 00000000 00000000 00000000 00000000 00000000 00000000 00000000 00000000 
[194198.217979] 00000000 00000000 00000000 00000000 00000000 00000000 00000000 00000000 
[194198.217982] 00000000 
[194198.217982] pack222222222,length=90
[194198.218200] 
[194198.218200] pack1111111111,length=90
[194198.218203] 33330000 
[194198.218204] 00FBDC85 DE446EFB 86DD6000 00000020 0001FE80 00000000 00002067 BA370005 
[194198.218208] C87FFF02 00000000 00000000 00000000 00FB3A00 05020000 01008300 DB0C0000 
[194198.218212] 0000FF02 00000000 00000000 00000000 00FB0000 00000000 00000000 00000000 
[194198.218215] 00000000 00000000 00000000 00000000 00000000 00000000 00000000 00000000 
[194198.218219] 00000000 00000000 00000000 00000000 00000000 00000000 00000000 00000000 
[194198.218222] 00000000 00000000 00000000 00000000 00000000 00000000 00000000 00000000 
[194198.218225] 00000000 00000000 00000000 00000000 00000000 00000000 00000000 00000000 
[194198.218229] 00000000 00000000 00000000 00000000 00000000 00000000 00000000 00000000 
[194198.218232] 00000000 00000000 00000000 00000000 00000000 00000000 00000000 00000000 
[194198.218235] 00000000 00000000 00000000 00000000 00000000 00000000 00000000 00000000 
[194198.218239] 00000000 00000000 00000000 00000000 00000000 00000000 00000000 00000000 
[194198.218242] 00000000 
[194198.218242] pack222222222,length=90
[194198.717824] 
[194198.717824] pack1111111111,length=90
[194198.717840] 33330001 
[194198.717841] 0003DC85 DE446EFB 86DD6000 00000020 0001FE80 00000000 00002067 BA370005 
[194198.717844] C87FFF02 00000000 00000000 00000001 00033A00 05020000 01008300 DCFA0000 
[194198.717847] 0000FF02 00000000 00000000 00000001 00030000 00000000 00000000 00000000 
[194198.717897] 00000000 00000000 00000000 00000000 00000000 00000000 00000000 00000000 
[194198.717900] 00000000 00000000 00000000 00000000 00000000 00000000 00000000 00000000 
[194198.717902] 00000000 00000000 00000000 00000000 00000000 00000000 00000000 00000000 
[194198.717905] 00000000 00000000 00000000 00000000 00000000 00000000 00000000 00000000 
[194198.717908] 00000000 00000000 00000000 00000000 00000000 00000000 00000000 00000000 
[194198.717910] 00000000 00000000 00000000 00000000 00000000 00000000 00000000 00000000 
[194198.717913] 00000000 00000000 00000000 00000000 00000000 00000000 00000000 00000000 
[194198.717915] 00000000 00000000 00000000 00000000 00000000 00000000 00000000 00000000 
[194198.717918] 00000000 
[194198.717918] pack222222222,length=90
[194198.970989] 
[194198.970989] pack1111111111,length=90
[194198.971007] 3333FFBE 
[194198.971009] 70D6D461 9DAF3404 86DD6000 00000020 0001FE80 00000000 00001457 AEB370E0 
[194198.971012] 8231FF02 00000000 00000000 0002FFBE 70D63A00 01000502 00008300 E8DA0000 
[194198.971015] 0000FF02 00000000 00000000 0002FFBE 70D60000 00000000 00000000 00000000 
[194198.971017] 00000000 00000000 00000000 00000000 00000000 00000000 00000000 00000000 
[194198.971020] 00000000 00000000 00000000 00000000 00000000 00000000 00000000 00000000 
[194198.971022] 00000000 00000000 00000000 00000000 00000000 00000000 00000000 00000000 
[194198.971025] 00000000 00000000 00000000 00000000 00000000 00000000 00000000 00000000 
[194198.971028] 00000000 00000000 00000000 00000000 00000000 00000000 00000000 00000000 
[194198.971030] 00000000 00000000 00000000 00000000 00000000 00000000 00000000 00000000 
[194198.971033] 00000000 00000000 00000000 00000000 00000000 00000000 00000000 00000000 
[194198.971035] 00000000 00000000 00000000 00000000 00000000 00000000 00000000 00000000 
[194198.971038] 00000000 
[194198.971038] pack222222222,length=90
[194199.201230] 
[194199.201230] pack1111111111,length=153
[194199.201265] 33330001 
[194199.201269] 0002DC85 DE446EFB 86DD6000 0000005F 1101FE80 00000000 00002067 BA370005 
[194199.201279] C87FFF02 00000000 00000000 00000001 00020222 0223005F AD5401F7 09100008 
[194199.201287] 0002189C 0001000E 00010001 2134104C 50465D40 11270003 000C12DC 85DE0000 
[194199.201295] 00000000 00000027 00090007 4A656666 2D504300 10000E00 00013700 084D5346 
[194199.201303] 5420352E 30000600 08001800 17001100 27000000 00000000 00000000 00000000 
[194199.201312] 00000000 00000000 00000000 00000000 00000000 00000000 00000000 00000000 
[194199.201319] 00000000 00000000 00000000 00000000 00000000 00000000 00000000 00000000 
[194199.201327] 00000000 00000000 00000000 00000000 00000000 00000000 00000000 00000000 
[194199.201334] 00000000 00000000 00000000 00000000 00000000 00000000 00000000 00000000 
[194199.201342] 00000000 00000000 00000000 00000000 00000000 00000000 00000000 00000000 
[194199.201349] 00000000 00000000 00000000 00000000 00000000 00000000 00000000 00000000 
[194199.201357] 00000000 00000000 00000000 00000000 00000000 00000000 00000000 00000000 
[194199.201365] 00000000 00000000 00000000 00000000 00000000 00000000 00000000 00000000 
[194199.201372] 00000000 00000000 00000000 00000000 00000000 00000000 00000000 00000000 
[194199.201379] 00000000 00000000 00000000 00000000 00000000 00000000 00000000 00000000 
[194199.201387] 00000000 00000000 00000000 00000000 00000000 00000000 00000000 00000000 
[194199.201394] 00000000 00000000 00000000 00000000 00000000 00000000 00000000 00000000 
[194199.201402] 00000000 00000000 00000000 00000000 00000000 00000000 00000000 00000000 
[194199.201409] 00000000 00000000 00000000 00000000 00000000 00000000 00000000 00000000 
[194199.201418] 
[194199.201418] pack222222222,length=153
[194199.218060] 
[194199.218060] pack1111111111,length=90
[194199.218095] 3333FF05 
[194199.218099] C87FDC85 DE446EFB 86DD6000 00000020 0001FE80 00000000 00002067 BA370005 
[194199.218108] C87FFF02 00000000 00000000 0001FF05 C87F3A00 05020000 01008300 4DF50000 
[194199.218117] 0000FF02 00000000 00000000 0001FF05 C87F0000 00000000 00000000 00000000 
[194199.218125] 00000000 00000000 00000000 00000000 00000000 00000000 00000000 00000000 
[194199.218133] 00000000 00000000 00000000 00000000 00000000 00000000 00000000 00000000 
[194199.218140] 00000000 00000000 00000000 00000000 00000000 00000000 00000000 00000000 
[194199.218148] 00000000 00000000 00000000 00000000 00000000 00000000 00000000 00000000 
[194199.218155] 00000000 00000000 00000000 00000000 00000000 00000000 00000000 00000000 
[194199.218163] 00000000 00000000 00000000 00000000 00000000 00000000 00000000 00000000 
[194199.218170] 00000000 00000000 00000000 00000000 00000000 00000000 00000000 00000000 
[194199.218178] 00000000 00000000 00000000 00000000 00000000 00000000 00000000 00000000 
[194199.218185] 00000000 
[194199.218185] pack222222222,length=90
[194202.863192] 
[194202.863192] pack1111111111,length=64
[194202.863225] 01005E00 
[194202.863228] 00FBD461 9DAF3404 08004600 0020B8F5 00000102 B5CBC0A8 1473E000 00FB9404 
[194202.863236] 00001600 0904E000 00FB0000 00000000 00000000 00000000 00000000 00000000 
[194202.863242] 00000000 00000000 00000000 00000000 00000000 00000000 00000000 00000000 
[194202.863249] 00000000 00000000 00000000 00000000 00000000 00000000 00000000 00000000 
[194202.863255] 00000000 00000000 00000000 00000000 00000000 00000000 00000000 00000000 
[194202.863261] 00000000 00000000 00000000 00000000 00000000 00000000 00000000 00000000 
[194202.863267] 00000000 00000000 00000000 00000000 00000000 00000000 00000000 00000000 
[194202.863273] 00000000 00000000 00000000 00000000 00000000 00000000 00000000 
[194202.863273] pack222222222,length=64
[194203.988768] 
[194203.988768] pack1111111111,length=90
[194203.988814] 3333FFE0 
[194203.988817] 8231D461 9DAF3404 86DD6000 00000020 0001FE80 00000000 00001457 AEB370E0 
[194203.988821] 8231FF02 00000000 00000000 0001FFE0 82313A00 01000502 00008300 C5E20000 
[194203.988825] 0000FF02 00000000 00000000 0001FFE0 82310000 00000000 00000000 00000000 
[194203.988829] 00000000 00000000 00000000 00000000 00000000 00000000 00000000 00000000 
[194203.988832] 00000000 00000000 00000000 00000000 00000000 00000000 00000000 00000000 
[194203.988835] 00000000 00000000 00000000 00000000 00000000 00000000 00000000 00000000 
[194203.988839] 00000000 00000000 00000000 00000000 00000000 00000000 00000000 00000000 
[194203.988842] 00000000 00000000 00000000 00000000 00000000 00000000 00000000 00000000 
[194203.988845] 00000000 00000000 00000000 00000000 00000000 00000000 00000000 00000000 
[194203.988849] 00000000 00000000 00000000 00000000 00000000 00000000 00000000 00000000 
[194203.988853] 00000000 00000000 00000000 00000000 00000000 00000000 00000000 00000000 
[194203.988856] 00000000 
[194203.988856] pack222222222,length=90
[194230.956039] 
[194230.956039] pack1111111111,length=78
[194230.956049] 000C2929 
[194230.956051] 31847811 DC3C7899 08004500 003C0000 40003106 76FC2F5B CE19C0A8 14A322BA 
[194230.956056] 87C653AA ADBE3985 315EA012 7120EA6B 00000204 05460402 080A0FE9 26C202E3 
[194230.956060] C9B50103 03080000 000030FF 240A30FF 240A30FF 240A30FF 240A30FF 240A30FF 
[194230.956064] 240A30FF 240A30FF 240A30FF 240A30FF 240A30FF 240A30FF 240A30FF 240A30FF 
[194230.956068] 240A30FF 240A30FF 240A30FF 240A30FF 240A30FF 240A30FF 240A30FF 240A30FF 
[194230.956072] 240A30FF 240A30FF 240A30FF 240A30FF 240A30FF 240A30FF 240A30FF 240A30FF 
[194230.956076] 240A30FF 240A30FF 240A30FF 240A30FF 240A30FF 240A30FF 240A30FF 240A30FF 
[194230.956080] 240A30FF 240A30FF 240A30FF 240A30FF 240A30FF 240A30FF 240A30FF 240A30FF 
[194230.956084] 240A30FF 240A30FF 240A30FF 240A30FF 240A30FF 240A30FF 240A30FF 240A30FF 
[194230.956088] 240A30FF 240A30FF 240A30FF 240A30FF 00000000 
[194230.956088] pack222222222,length=78
[194235.948257] 
[194235.948257] pack1111111111,length=64
[194235.948262] 000C2929 
[194235.948264] 31847811 DC3C7899 08060001 08000604 00017811 DC3C7899 C0A81401 00000000 
[194235.948267] 0000C0A8 14A30000 00000000 00000000 00000000 00000000 00000000 240A30FF 
[194235.948269] 240A30FF 240A30FF 240A30FF 240A30FF 240A30FF 240A30FF 240A30FF 240A30FF 
[194235.948272] 240A30FF 240A30FF 240A30FF 240A30FF 240A30FF 240A30FF 240A30FF 240A30FF 
[194235.948275] 240A30FF 240A30FF 240A30FF 240A30FF 240A30FF 240A30FF 240A30FF 240A30FF 
[194235.948277] 240A30FF 240A30FF 240A30FF 240A30FF 240A30FF 240A30FF 240A30FF 240A30FF 
[194235.948280] 240A30FF 240A30FF 240A30FF 240A30FF 240A30FF 240A30FF 240A30FF 240A30FF 
[194235.948283] 240A30FF 240A30FF 240A30FF 240A30FF 240A30FF 240A30FF 240A30FF 
[194235.948283] pack222222222,length=64
[194237.278965] 
[194237.278965] pack1111111111,length=70
[194237.278974] 000C2929 
[194237.278977] 31847811 DC3C7899 08004500 00348B76 40003106 EB8D2F5B CE19C0A8 14A322BA 
[194237.278984] 87C653AA ADBF3985 31638010 00727D16 00000101 080A0FE9 2CF102E3 CFE40000 
[194237.278989] 000030FF 240A30FF 240A30FF 240A30FF 240A30FF 240A30FF 240A30FF 240A30FF 
[194237.278995] 240A30FF 240A30FF 240A30FF 240A30FF 240A30FF 240A30FF 240A30FF 240A30FF 
[194237.279000] 240A30FF 240A30FF 240A30FF 240A30FF 240A30FF 240A30FF 240A30FF 240A30FF 
[194237.279006] 240A30FF 240A30FF 240A30FF 240A30FF 240A30FF 240A30FF 240A30FF 240A30FF 
[194237.279011] 240A30FF 240A30FF 240A30FF 240A30FF 240A30FF 240A30FF 240A30FF 240A30FF 
[194237.279016] 240A30FF 240A30FF 240A30FF 240A30FF 240A30FF 240A30FF 240A30FF 240A30FF 
[194237.279021] 240A30FF 240A30FF 240A30FF 240A30FF 240A30FF 
[194237.279021] pack222222222,length=70
[194248.618883] 
[194248.618883] pack1111111111,length=76
[194248.618891] 000C2929 
[194248.618893] 31847811 DC3C7899 08004500 003A8B77 40003106 EB862F5B CE19C0A8 14A322BA 
[194248.618898] 87C653AA ADBF3985 31638018 00721A05 00000101 080A0FE9 380502E3 CFE47975 
[194248.618903] 756F690A 00000000 00000000 00000000 00000000 00000000 00000000 00000000 
[194248.618908] 00000000 00000000 00000000 00000000 00000000 00000000 00000000 00000000 
[194248.618913] 00000000 00000000 00000000 00000000 00000000 00000000 00000000 00000000 
[194248.618917] 00000000 00000000 00000000 00000000 00000000 00000000 00000000 00000000 
[194248.618921] 00000000 00000000 00000000 00000000 00000000 00000000 00000000 00000000 
[194248.618925] 00000000 00000000 00000000 00000000 00000000 00000000 00000000 00000000 
[194248.618930] 00000000 00000000 00000000 00000000 00000000 00000000 00000000 00000000 
[194248.618934] 00000000 00000000 00000000 
[194248.618934] pack222222222,length=76
[194250.441598] 
[194250.441598] pack1111111111,length=64
[194250.441605] FFFFFFFF 
[194250.441608] FFFFDC85 DE446EFB 08060001 08000604 0001DC85 DE446EFB C0A81458 00000000 
[194250.441613] 0000C0A8 14010000 00000000 00000000 00000000 00000000 00000000 00000000 
[194250.441618] 00000000 00000000 00000000 00000000 00000000 00000000 00000000 00000000 
[194250.441623] 00000000 00000000 00000000 00000000 00000000 00000000 00000000 00000000 
[194250.441627] 00000000 00000000 00000000 00000000 00000000 00000000 00000000 00000000 
[194250.441632] 00000000 00000000 00000000 00000000 00000000 00000000 00000000 00000000 
[194250.441636] 00000000 00000000 00000000 00000000 00000000 00000000 00000000 00000000 
[194250.441640] 00000000 00000000 00000000 00000000 00000000 00000000 00000000 
[194250.441640] pack222222222,length=64
[194250.770196] 
[194250.770196] pack1111111111,length=70
[194250.770201] 000C2929 
[194250.770203] 31847811 DC3C7899 08004500 00348B78 40003106 EB8B2F5B CE19C0A8 14A322BA 
[194250.770206] 87C653AA ADC53985 31648011 007262B1 00000101 080A0FE9 3A1F02E3 DD130000 
[194250.770209] 00000000 00000000 00000000 00000000 00000000 00000000 00000000 00000000 
[194250.770212] 00000000 00000000 00000000 00000000 00000000 00000000 00000000 00000000 
[194250.770214] 00000000 00000000 00000000 00000000 00000000 00000000 00000000 00000000 
[194250.770217] 00000000 00000000 00000000 00000000 00000000 00000000 00000000 00000000 
[194250.770219] 00000000 00000000 00000000 00000000 00000000 00000000 00000000 00000000 
[194250.770222] 00000000 00000000 00000000 00000000 00000000 00000000 00000000 00000000 
[194250.770225] 00000000 00000000 00000000 00000000 00000000 
[194250.770225] pack222222222,length=70
[194252.956273] device jeff_net0 left promiscuous mode
