[ 9926.905933] e1000_jeff 0000:02:01.0 zero_net0: Masking off all interrupts
[ 9926.921786] e1000_jeff 0000:02:01.0 zero_net0: Issuing a global reset to MAC
[ 9926.933957] e1000_jeff 0000:02:01.0 zero_net0: Masking off all interrupts
[ 9926.939809] e1000_jeff 0000:02:01.0 zero_net0: Initializing the IEEE VLAN
[ 9926.942004] e1000_jeff 0000:02:01.0 zero_net0: Programming MAC Address into RAR[0]
[ 9926.942075] e1000_jeff 0000:02:01.0 zero_net0: Clearing RAR[1-15]
[ 9926.942612] e1000_jeff 0000:02:01.0 zero_net0: Zeroing the MTA
[ 9926.944719] e1000_jeff 0000:02:01.0 zero_net0: After fix-ups FlowControl is now = 0
[ 9926.944773] e1000_jeff 0000:02:01.0 zero_net0: Phy ID = 1410c20
[ 9926.945311] e1000_jeff 0000:02:01.0 zero_net0: Reconfiguring auto-neg advertisement params
[ 9926.945478] e1000_jeff 0000:02:01.0 zero_net0: autoneg_advertised 2f
[ 9926.945480] e1000_jeff 0000:02:01.0 zero_net0: Advertise 10mb Half duplex
[ 9926.945482] e1000_jeff 0000:02:01.0 zero_net0: Advertise 10mb Full duplex
[ 9926.945484] e1000_jeff 0000:02:01.0 zero_net0: Advertise 100mb Half duplex
[ 9926.945486] e1000_jeff 0000:02:01.0 zero_net0: Advertise 100mb Full duplex
[ 9926.945488] e1000_jeff 0000:02:01.0 zero_net0: Advertise 1000mb Full duplex
[ 9926.945564] e1000_jeff 0000:02:01.0 zero_net0: Auto-Neg Advertising 1e1
[ 9926.945606] e1000_jeff 0000:02:01.0 zero_net0: Restarting Auto-Neg
[ 9926.946279] e1000_jeff 0000:02:01.0 zero_net0: Flow Control = NONE.
[ 9926.946283] e1000_jeff 0000:02:01.0 zero_net0: 1000 Mbs, 
[ 9926.946285] e1000_jeff 0000:02:01.0 zero_net0: Full Duplex
[ 9926.946335] e1000_jeff 0000:02:01.0 zero_net0: Valid link established!!!
[ 9926.946338] e1000_jeff 0000:02:01.0 zero_net0: Initializing the Flow Control address, type and timer regs
[ 9926.977786] e1000_jeff 0000:02:01.0 zero_net0 (unregistered): Resetting Phy...
[ 9927.056354] e1000_jeff: Intel(R) PRO/1000 Network Driver - version 7.3.21-k8-NAPI
[ 9927.056357] e1000_jeff: Copyright (c) 1999-2006 Intel Corporation.
[ 9927.056392] e1000_jeff:  index[0],start=FD5C0000,end=FD5DFFFF
[ 9927.056393] e1000_jeff:  index[1],start=00000000,end=00000000
[ 9927.056395] e1000_jeff:  index[2],start=FDFF0000,end=FDFFFFFF
[ 9927.056396] e1000_jeff:  index[3],start=00000000,end=00000000
[ 9927.056397] e1000_jeff:  index[4],start=00002000,end=0000203F
[ 9927.056398] e1000_jeff:  index[5],start=00000000,end=00000000
[ 9927.056399] e1000_jeff:  index[6],start=FD500000,end=FD50FFFF
[ 9927.056400] e1000_jeff:  index[7],start=00000000,end=00000000
[ 9927.056401] e1000_jeff:  index[8],start=00000000,end=00000000
[ 9927.056402] e1000_jeff:  index[9],start=00000000,end=00000000
[ 9927.056403] e1000_jeff:  index[10],start=00000000,end=00000000
[ 9927.056404] e1000_jeff:  index[11],start=00000000,end=00000000
[ 9927.056405] e1000_jeff:  index[12],start=00000000,end=00000000
[ 9927.056406] e1000_jeff:  index[13],start=00000000,end=00000000
[ 9927.056407] e1000_jeff:  index[14],start=00000000,end=00000000
[ 9927.056408] e1000_jeff:  index[15],start=00000000,end=00000000
[ 9927.056409] e1000_jeff:  index[16],start=00000000,end=00000000
[ 9927.056833] e1000_jeff: need_ioport=1,bars=00000055,debuglevel=-1
[ 9927.057229] e1000_jeff: hw_addr=00D00000
[ 9927.057231] e1000_jeff: iobase=8192
[ 9927.057291] e1000_jeff: hw bus_type=1
[ 9927.057294] e1000_jeff: watchdog_Time=1250,pci_using_dac=0
[ 9927.057342] e1000_jeff: hw->mac_type=6
[ 9927.057375] e1000_jeff 0000:02:01.0 0000:02:01.0 (uninitialized): Masking off all interrupts
[ 9927.073940] e1000_jeff 0000:02:01.0 0000:02:01.0 (uninitialized): Issuing a global reset to MAC
[ 9927.085974] e1000_jeff 0000:02:01.0 0000:02:01.0 (uninitialized): Masking off all interrupts
[ 9927.378556] e1000_jeff 0000:02:01.0 0000:02:01.0 (uninitialized): Masking off all interrupts
[ 9927.393912] e1000_jeff 0000:02:01.0 0000:02:01.0 (uninitialized): Issuing a global reset to MAC
[ 9927.405905] e1000_jeff 0000:02:01.0 0000:02:01.0 (uninitialized): Masking off all interrupts
[ 9927.410158] e1000_jeff 0000:02:01.0 0000:02:01.0 (uninitialized): Initializing the IEEE VLAN
[ 9927.410995] e1000_jeff 0000:02:01.0 0000:02:01.0 (uninitialized): Programming MAC Address into RAR[0]
[ 9927.411022] e1000_jeff 0000:02:01.0 0000:02:01.0 (uninitialized): Clearing RAR[1-15]
[ 9927.411225] e1000_jeff 0000:02:01.0 0000:02:01.0 (uninitialized): Zeroing the MTA
[ 9927.416208] e1000_jeff 0000:02:01.0 0000:02:01.0 (uninitialized): After fix-ups FlowControl is now = 0
[ 9927.416388] e1000_jeff 0000:02:01.0 0000:02:01.0 (uninitialized): PHY ID 0x1410C20 detected
[ 9927.416389] e1000_jeff 0000:02:01.0 0000:02:01.0 (uninitialized): Phy ID = 1410c20
[ 9927.416717] e1000_jeff 0000:02:01.0 0000:02:01.0 (uninitialized): Reconfiguring auto-neg advertisement params
[ 9927.416842] e1000_jeff 0000:02:01.0 0000:02:01.0 (uninitialized): autoneg_advertised 2f
[ 9927.416843] e1000_jeff 0000:02:01.0 0000:02:01.0 (uninitialized): Advertise 10mb Half duplex
[ 9927.416844] e1000_jeff 0000:02:01.0 0000:02:01.0 (uninitialized): Advertise 10mb Full duplex
[ 9927.416844] e1000_jeff 0000:02:01.0 0000:02:01.0 (uninitialized): Advertise 100mb Half duplex
[ 9927.416845] e1000_jeff 0000:02:01.0 0000:02:01.0 (uninitialized): Advertise 100mb Full duplex
[ 9927.416846] e1000_jeff 0000:02:01.0 0000:02:01.0 (uninitialized): Advertise 1000mb Full duplex
[ 9927.416864] e1000_jeff 0000:02:01.0 0000:02:01.0 (uninitialized): Auto-Neg Advertising 1e1
[ 9927.416883] e1000_jeff 0000:02:01.0 0000:02:01.0 (uninitialized): Restarting Auto-Neg
[ 9927.417354] e1000_jeff 0000:02:01.0 0000:02:01.0 (uninitialized): Flow Control = NONE.
[ 9927.417359] e1000_jeff 0000:02:01.0 0000:02:01.0 (uninitialized): 1000 Mbs, 
[ 9927.417360] e1000_jeff 0000:02:01.0 0000:02:01.0 (uninitialized): Full Duplex
[ 9927.417379] e1000_jeff 0000:02:01.0 0000:02:01.0 (uninitialized): Valid link established!!!
[ 9927.417380] e1000_jeff 0000:02:01.0 0000:02:01.0 (uninitialized): Initializing the Flow Control address, type and timer regs
[ 9927.418781] e1000_jeff 0000:02:01.0 zero_net0: (PCI:66MHz:32-bit) 00:0c:29:29:31:84
[ 9927.418784] e1000_jeff 0000:02:01.0 zero_net0: Intel(R) PRO/1000 Network Connection
[ 9927.422046] e1000_jeff: e1000 is opene1000_open,1404
[ 9927.422060] e1000_jeff: rxdr db count=256,rxdr-size=4096
[ 9927.422062] e1000_jeff: rx_nums=1,e1000_open,1423
[ 9927.425840] IPv6: ADDRCONF(NETDEV_UP): zero_net0: link is not ready
[ 9927.426218] e1000_jeff 0000:02:01.0 zero_net0: Flow Control = NONE.
[ 9927.426225] e1000_jeff 0000:02:01.0 zero_net0: 1000 Mbs, 
[ 9927.426226] e1000_jeff 0000:02:01.0 zero_net0: Full Duplex
[ 9927.426250] e1000_jeff 0000:02:01.0 zero_net0: 1000 Mbs, 
[ 9927.426251] e1000_jeff 0000:02:01.0 zero_net0: Full Duplex
[ 9927.426263] e1000_jeff: zero_net0 NIC Link is Up 1000 Mbps Full Duplex, Flow Control: None
[ 9927.427104] IPv6: ADDRCONF(NETDEV_CHANGE): zero_net0: link becomes ready
[ 9927.428436] e1000_jeff 0000:02:01.0 zero_net0: 1000 Mbs, 
[ 9927.428439] e1000_jeff 0000:02:01.0 zero_net0: Full Duplex
[ 9927.428629] e1000_jeff 0000:02:01.0 zero_net0: 1000 Mbs, 
[ 9927.428631] e1000_jeff 0000:02:01.0 zero_net0: Full Duplex
[ 9927.439083] e1000_jeff 0000:02:01.0 zero_net0: 1000 Mbs, 
[ 9927.439086] e1000_jeff 0000:02:01.0 zero_net0: Full Duplex
[ 9928.978960] e1000_jeff 0000:02:01.0 zero_net0: 1000 Mbs, 
[ 9928.978967] e1000_jeff 0000:02:01.0 zero_net0: Full Duplex
[ 9930.215836] e1000_jeff 0000:02:01.0 zero_net0: 1000 Mbs, 
[ 9930.215843] e1000_jeff 0000:02:01.0 zero_net0: Full Duplex
[ 9931.215846] e1000_jeff 0000:02:01.0 zero_net0: 1000 Mbs, 
[ 9931.215852] e1000_jeff 0000:02:01.0 zero_net0: Full Duplex
[ 9932.215776] e1000_jeff 0000:02:01.0 zero_net0: 1000 Mbs, 
[ 9932.215782] e1000_jeff 0000:02:01.0 zero_net0: Full Duplex
[ 9933.215651] e1000_jeff 0000:02:01.0 zero_net0: 1000 Mbs, 
[ 9933.215657] e1000_jeff 0000:02:01.0 zero_net0: Full Duplex
[ 9934.215600] e1000_jeff 0000:02:01.0 zero_net0: 1000 Mbs, 
[ 9934.215606] e1000_jeff 0000:02:01.0 zero_net0: Full Duplex
[ 9935.215525] e1000_jeff 0000:02:01.0 zero_net0: 1000 Mbs, 
[ 9935.215530] e1000_jeff 0000:02:01.0 zero_net0: Full Duplex
